<?xml version="1.0" encoding="UTF-8"?>
<!-- Generated by org.testng.reporters.JUnitReportReporter -->
<testsuite hostname="L-ANILPATRO-ILB" name="SomeTest" tests="1" failures="0" timestamp="15 Mar 2016 01:39:56 GMT" time="65.000" errors="0">
  <testcase name="testInteraction" time="65.000" classname="SomeTest"/>
</testsuite> <!-- SomeTest -->
