<?xml version="1.0" encoding="UTF-8"?>
<!-- Generated by org.testng.reporters.JUnitReportReporter -->
<testsuite hostname="L-ANILPATRO-ILB" name="TransferChat" tests="1" failures="0" timestamp="19 Mar 2016 11:50:40 GMT" time="152.095" errors="0">
  <testcase name="testInteraction" time="152.095" classname="TransferChat"/>
</testsuite> <!-- TransferChat -->
