<?xml version="1.0" encoding="UTF-8"?>
<!-- Generated by org.testng.reporters.JUnitReportReporter -->
<testsuite hostname="L-ANILPATRO-ILB" name="LoginTest" tests="1" failures="0" timestamp="28 Nov 2016 07:13:07 GMT" time="5.200" errors="0">
  <testcase name="LoginTest" time="5.200" classname="LoginTest"/>
</testsuite> <!-- LoginTest -->
