<?xml version="1.0" encoding="UTF-8"?>
<!-- Generated by org.testng.reporters.JUnitReportReporter -->
<testsuite hostname="L-ANILPATRO-ILB" name="UploadSmartResponse" tests="1" failures="0" timestamp="29 Feb 2016 14:12:20 GMT" time="6.896" errors="0">
  <testcase name="testInteraction" time="6.896" classname="UploadSmartResponse"/>
</testsuite> <!-- UploadSmartResponse -->
